[01 Apr 2020 02:58:57] Building database metadata model
[01 Apr 2020 02:58:57] Properties: {partialRefresh=false, processColumnsUsingSelect=, includePrimaryKeys=true, eventSocketClient=com.webratio.commons.net.EventSocketClient@fc4048c, includeTables=true, username=root, outputLogPath=/home/francisco/SPWS/.Temp~/DB.xml.log, readIndexes=null, driverClass=com.mysql.jdbc.Driver, includeSynonyms=true, metaDataProviderClass=com.webratio.commons.db.metadata.MySQLMetaDataProvider, outputPath=/home/francisco/SPWS/.Temp~/DB.xml, schemaRegex=null, readProcedures=true, includeViews=true, derby.system.home=/home/francisco/.metadata/.plugins/com.webratio.commons.db/derby, url=jdbc:mysql://localhost:3306/SPWS, tableRegex=null, readSQLDefinitions=true, includeForeignKeys=true, retrieveAllNames=false, tablesToRefresh=, eventSocketPort=36583}
[01 Apr 2020 02:58:57] URL: jdbc:mysql://localhost:3306/SPWS
[01 Apr 2020 02:58:57] Product name: MySQL
[01 Apr 2020 02:58:57] Product version: 5.7.29-0ubuntu0.18.04.1
[01 Apr 2020 02:58:57] Driver name: MySQL Connector Java
[01 Apr 2020 02:58:57] Driver version: mysql-connector-java-5.1.31 ( Revision: alexander.soklakov@oracle.com-20140520065950-groqzzbvxprqdmnz )
[01 Apr 2020 02:58:57] Driver major version: 5
[01 Apr 2020 02:58:57] Driver minor version: 1
[01 Apr 2020 02:58:57] Identifier quote string: 1
[01 Apr 2020 02:58:57] Retrieving schemas
[01 Apr 2020 02:58:57] Retrieving [TABLE, VIEW, SYNONYM] for schema ''
[01 Apr 2020 02:58:57]   Found 'car' [type = TABLE]
[01 Apr 2020 02:58:57]   Found 'crosswalk' [type = TABLE]
[01 Apr 2020 02:58:57]   Found 'crosswalk_car' [type = TABLE]
[01 Apr 2020 02:58:57]   Found 'group' [type = TABLE]
[01 Apr 2020 02:58:57]   Found 'group_module' [type = TABLE]
[01 Apr 2020 02:58:57]   Found 'historic_car' [type = TABLE]
[01 Apr 2020 02:58:57]   Found 'historic_pedestrian' [type = TABLE]
[01 Apr 2020 02:58:57]   Found 'module' [type = TABLE]
[01 Apr 2020 02:58:57]   Found 'pedestrian' [type = TABLE]
[01 Apr 2020 02:58:57]   Found 'pedestrian_crosswalk' [type = TABLE]
[01 Apr 2020 02:58:57]   Found 'user' [type = TABLE]
[01 Apr 2020 02:58:57]   Found 'user_group' [type = TABLE]
[01 Apr 2020 02:58:57] Retrieving columns for 'car' [type = TABLE]
[01 Apr 2020 02:58:57]   Found column: oid [type = INT][SQL/XOPEN type = 4][size = 10][dec. digits = 0]
[01 Apr 2020 02:58:57]   Found column: latitude [type = DOUBLE][SQL/XOPEN type = 8][size = 22][dec. digits = 0]
[01 Apr 2020 02:58:57]   Found column: longitude [type = DOUBLE][SQL/XOPEN type = 8][size = 22][dec. digits = 0]
[01 Apr 2020 02:58:57] Retrieving primary keys for 'car' [type = TABLE]
[01 Apr 2020 02:58:57]   Found primary key column: oid
[01 Apr 2020 02:58:57] Retrieving columns for 'crosswalk' [type = TABLE]
[01 Apr 2020 02:58:57]   Found column: oid [type = INT][SQL/XOPEN type = 4][size = 10][dec. digits = 0]
[01 Apr 2020 02:58:57]   Found column: latitude [type = DOUBLE][SQL/XOPEN type = 8][size = 22][dec. digits = 0]
[01 Apr 2020 02:58:57]   Found column: longitude [type = DOUBLE][SQL/XOPEN type = 8][size = 22][dec. digits = 0]
[01 Apr 2020 02:58:57]   Found column: state [type = VARCHAR][SQL/XOPEN type = 12][size = 255][dec. digits = 0]
[01 Apr 2020 02:58:57] Retrieving primary keys for 'crosswalk' [type = TABLE]
[01 Apr 2020 02:58:57]   Found primary key column: oid
[01 Apr 2020 02:58:57] Retrieving columns for 'crosswalk_car' [type = TABLE]
[01 Apr 2020 02:58:57]   Found column: crosswalk_oid [type = INT][SQL/XOPEN type = 4][size = 10][dec. digits = 0]
[01 Apr 2020 02:58:57]   Found column: car_oid [type = INT][SQL/XOPEN type = 4][size = 10][dec. digits = 0]
[01 Apr 2020 02:58:57]   Found column: distance [type = FLOAT][SQL/XOPEN type = 7][size = 12][dec. digits = 0]
[01 Apr 2020 02:58:57]   Found column: day [type = DATE][SQL/XOPEN type = 91][size = 10][dec. digits = 0]
[01 Apr 2020 02:58:57] Retrieving primary keys for 'crosswalk_car' [type = TABLE]
[01 Apr 2020 02:58:57]   Found primary key column: crosswalk_oid
[01 Apr 2020 02:58:57]   Found primary key column: car_oid
[01 Apr 2020 02:58:57] Retrieving columns for 'group' [type = TABLE]
[01 Apr 2020 02:58:57]   Found column: oid [type = INT][SQL/XOPEN type = 4][size = 10][dec. digits = 0]
[01 Apr 2020 02:58:57]   Found column: groupname [type = VARCHAR][SQL/XOPEN type = 12][size = 255][dec. digits = 0]
[01 Apr 2020 02:58:57]   Found column: module_oid [type = INT][SQL/XOPEN type = 4][size = 10][dec. digits = 0]
[01 Apr 2020 02:58:57] Retrieving primary keys for 'group' [type = TABLE]
[01 Apr 2020 02:58:57]   Found primary key column: oid
[01 Apr 2020 02:58:57] Retrieving columns for 'group_module' [type = TABLE]
[01 Apr 2020 02:58:57]   Found column: group_oid [type = INT][SQL/XOPEN type = 4][size = 10][dec. digits = 0]
[01 Apr 2020 02:58:57]   Found column: module_oid [type = INT][SQL/XOPEN type = 4][size = 10][dec. digits = 0]
[01 Apr 2020 02:58:57] Retrieving primary keys for 'group_module' [type = TABLE]
[01 Apr 2020 02:58:57]   Found primary key column: group_oid
[01 Apr 2020 02:58:57]   Found primary key column: module_oid
[01 Apr 2020 02:58:57] Retrieving columns for 'historic_car' [type = TABLE]
[01 Apr 2020 02:58:57]   Found column: day [type = DATE][SQL/XOPEN type = 91][size = 10][dec. digits = 0]
[01 Apr 2020 02:58:57]   Found column: crosswalk_oid [type = INT][SQL/XOPEN type = 4][size = 10][dec. digits = 0]
[01 Apr 2020 02:58:57]   Found column: car_oid [type = INT][SQL/XOPEN type = 4][size = 10][dec. digits = 0]
[01 Apr 2020 02:58:57] Retrieving primary keys for 'historic_car' [type = TABLE]
[01 Apr 2020 02:58:57]   Found primary key column: day
[01 Apr 2020 02:58:57]   Found primary key column: crosswalk_oid
[01 Apr 2020 02:58:57]   Found primary key column: car_oid
[01 Apr 2020 02:58:57] Retrieving columns for 'historic_pedestrian' [type = TABLE]
[01 Apr 2020 02:58:57]   Found column: day [type = DATE][SQL/XOPEN type = 91][size = 10][dec. digits = 0]
[01 Apr 2020 02:58:57]   Found column: crosswalk_oid [type = INT][SQL/XOPEN type = 4][size = 10][dec. digits = 0]
[01 Apr 2020 02:58:57]   Found column: pedestrian_oid [type = INT][SQL/XOPEN type = 4][size = 10][dec. digits = 0]
[01 Apr 2020 02:58:57] Retrieving primary keys for 'historic_pedestrian' [type = TABLE]
[01 Apr 2020 02:58:57]   Found primary key column: day
[01 Apr 2020 02:58:57]   Found primary key column: crosswalk_oid
[01 Apr 2020 02:58:57]   Found primary key column: pedestrian_oid
[01 Apr 2020 02:58:57] Retrieving columns for 'module' [type = TABLE]
[01 Apr 2020 02:58:57]   Found column: oid [type = INT][SQL/XOPEN type = 4][size = 10][dec. digits = 0]
[01 Apr 2020 02:58:57]   Found column: moduleid [type = VARCHAR][SQL/XOPEN type = 12][size = 255][dec. digits = 0]
[01 Apr 2020 02:58:57]   Found column: modulename [type = VARCHAR][SQL/XOPEN type = 12][size = 255][dec. digits = 0]
[01 Apr 2020 02:58:57] Retrieving primary keys for 'module' [type = TABLE]
[01 Apr 2020 02:58:57]   Found primary key column: oid
[01 Apr 2020 02:58:57] Retrieving columns for 'pedestrian' [type = TABLE]
[01 Apr 2020 02:58:57]   Found column: oid [type = INT][SQL/XOPEN type = 4][size = 10][dec. digits = 0]
[01 Apr 2020 02:58:57]   Found column: latitude [type = DOUBLE][SQL/XOPEN type = 8][size = 22][dec. digits = 0]
[01 Apr 2020 02:58:57]   Found column: longitude [type = DOUBLE][SQL/XOPEN type = 8][size = 22][dec. digits = 0]
[01 Apr 2020 02:58:57] Retrieving primary keys for 'pedestrian' [type = TABLE]
[01 Apr 2020 02:58:57]   Found primary key column: oid
[01 Apr 2020 02:58:57] Retrieving columns for 'pedestrian_crosswalk' [type = TABLE]
[01 Apr 2020 02:58:57]   Found column: pedestrian_oid [type = INT][SQL/XOPEN type = 4][size = 10][dec. digits = 0]
[01 Apr 2020 02:58:57]   Found column: crosswalk_oid [type = INT][SQL/XOPEN type = 4][size = 10][dec. digits = 0]
[01 Apr 2020 02:58:57]   Found column: distance [type = FLOAT][SQL/XOPEN type = 7][size = 12][dec. digits = 0]
[01 Apr 2020 02:58:57]   Found column: day [type = DATE][SQL/XOPEN type = 91][size = 10][dec. digits = 0]
[01 Apr 2020 02:58:57] Retrieving primary keys for 'pedestrian_crosswalk' [type = TABLE]
[01 Apr 2020 02:58:57]   Found primary key column: pedestrian_oid
[01 Apr 2020 02:58:57]   Found primary key column: crosswalk_oid
[01 Apr 2020 02:58:57] Retrieving columns for 'user' [type = TABLE]
[01 Apr 2020 02:58:57]   Found column: oid [type = INT][SQL/XOPEN type = 4][size = 10][dec. digits = 0]
[01 Apr 2020 02:58:57]   Found column: email [type = VARCHAR][SQL/XOPEN type = 12][size = 255][dec. digits = 0]
[01 Apr 2020 02:58:57]   Found column: password [type = VARCHAR][SQL/XOPEN type = 12][size = 255][dec. digits = 0]
[01 Apr 2020 02:58:57]   Found column: username [type = VARCHAR][SQL/XOPEN type = 12][size = 255][dec. digits = 0]
[01 Apr 2020 02:58:57]   Found column: group_oid [type = INT][SQL/XOPEN type = 4][size = 10][dec. digits = 0]
[01 Apr 2020 02:58:57] Retrieving primary keys for 'user' [type = TABLE]
[01 Apr 2020 02:58:57]   Found primary key column: oid
[01 Apr 2020 02:58:57] Retrieving columns for 'user_group' [type = TABLE]
[01 Apr 2020 02:58:57]   Found column: user_oid [type = INT][SQL/XOPEN type = 4][size = 10][dec. digits = 0]
[01 Apr 2020 02:58:57]   Found column: group_oid [type = INT][SQL/XOPEN type = 4][size = 10][dec. digits = 0]
[01 Apr 2020 02:58:57] Retrieving primary keys for 'user_group' [type = TABLE]
[01 Apr 2020 02:58:57]   Found primary key column: user_oid
[01 Apr 2020 02:58:57]   Found primary key column: group_oid
[01 Apr 2020 02:58:57] Retrieving foreign keys for 'car' [type = TABLE]
[01 Apr 2020 02:58:57] Retrieving foreign keys for 'crosswalk' [type = TABLE]
[01 Apr 2020 02:58:57] Retrieving foreign keys for 'crosswalk_car' [type = TABLE]
[01 Apr 2020 02:58:57]   Found foreign key: column car_oid references car(oid)
[01 Apr 2020 02:58:57]   Found foreign key: column crosswalk_oid references crosswalk(oid)
[01 Apr 2020 02:58:57] Retrieving foreign keys for 'group' [type = TABLE]
[01 Apr 2020 02:58:57]   Found foreign key: column module_oid references module(oid)
[01 Apr 2020 02:58:57] Retrieving foreign keys for 'group_module' [type = TABLE]
[01 Apr 2020 02:58:57]   Found foreign key: column group_oid references group(oid)
[01 Apr 2020 02:58:57]   Found foreign key: column module_oid references module(oid)
[01 Apr 2020 02:58:57] Retrieving foreign keys for 'historic_car' [type = TABLE]
[01 Apr 2020 02:58:58]   Found foreign key: column car_oid references car(oid)
[01 Apr 2020 02:58:58]   Found foreign key: column crosswalk_oid references crosswalk(oid)
[01 Apr 2020 02:58:58] Retrieving foreign keys for 'historic_pedestrian' [type = TABLE]
[01 Apr 2020 02:58:58]   Found foreign key: column crosswalk_oid references crosswalk(oid)
[01 Apr 2020 02:58:58]   Found foreign key: column pedestrian_oid references pedestrian(oid)
[01 Apr 2020 02:58:58] Retrieving foreign keys for 'module' [type = TABLE]
[01 Apr 2020 02:58:58] Retrieving foreign keys for 'pedestrian' [type = TABLE]
[01 Apr 2020 02:58:58] Retrieving foreign keys for 'pedestrian_crosswalk' [type = TABLE]
[01 Apr 2020 02:58:58]   Found foreign key: column crosswalk_oid references crosswalk(oid)
[01 Apr 2020 02:58:58]   Found foreign key: column pedestrian_oid references pedestrian(oid)
[01 Apr 2020 02:58:58] Retrieving foreign keys for 'user' [type = TABLE]
[01 Apr 2020 02:58:58]   Found foreign key: column group_oid references group(oid)
[01 Apr 2020 02:58:58] Retrieving foreign keys for 'user_group' [type = TABLE]
[01 Apr 2020 02:58:58]   Found foreign key: column group_oid references group(oid)
[01 Apr 2020 02:58:58]   Found foreign key: column user_oid references user(oid)
[01 Apr 2020 02:58:58] Database metadata retrieved (135 ms)
[01 Apr 2020 02:58:58] Retrieving auto-increment columns for 'car' [type = TABLE]
[01 Apr 2020 02:58:58] Retrieving auto-increment columns for 'crosswalk' [type = TABLE]
[01 Apr 2020 02:58:58] Retrieving auto-increment columns for 'crosswalk_car' [type = TABLE]
[01 Apr 2020 02:58:58] Retrieving auto-increment columns for 'group' [type = TABLE]
[01 Apr 2020 02:58:58] Retrieving auto-increment columns for 'group_module' [type = TABLE]
[01 Apr 2020 02:58:58] Retrieving auto-increment columns for 'historic_car' [type = TABLE]
[01 Apr 2020 02:58:58] Retrieving auto-increment columns for 'historic_pedestrian' [type = TABLE]
[01 Apr 2020 02:58:58] Retrieving auto-increment columns for 'module' [type = TABLE]
[01 Apr 2020 02:58:58] Retrieving auto-increment columns for 'pedestrian' [type = TABLE]
[01 Apr 2020 02:58:58] Retrieving auto-increment columns for 'pedestrian_crosswalk' [type = TABLE]
[01 Apr 2020 02:58:58] Retrieving auto-increment columns for 'user' [type = TABLE]
[01 Apr 2020 02:58:58] Retrieving auto-increment columns for 'user_group' [type = TABLE]
[01 Apr 2020 02:58:58] Database connection closed
